<?xml version="1.0" encoding="UTF-8"?>
<!-- Generated by org.testng.reporters.JUnitXMLReporter -->
<testsuite ignored="0" hostname="Lubnas-Air" failures="0" tests="7" name="Default test" time="71.874" errors="0" timestamp="2021-04-29T12:06:30 EDT">
  <testcase classname="positiveTests.CardConfirmation" name="ConfirmCardLogin1" time="15.483"/>
  <testcase classname="positiveTests.CardConfirmation" name="AccessBanner" time="1.247"/>
  <testcase classname="positiveTests.CardConfirmation" name="ConfirmThatCard1" time="11.232"/>
  <testcase classname="positiveTests.CardConfirmation" name="ConfirmCardLogin2" time="13.693"/>
  <testcase classname="positiveTests.CardConfirmation" name="clickConfirmPart" time="4.001"/>
  <testcase classname="positiveTests.CardConfirmation" name="scrollNowTwice" time="1.176"/>
  <testcase classname="positiveTests.CardConfirmation" name="ConfirmThatCard" time="14.176"/>
</testsuite> <!-- Default test -->
