<?xml version="1.0" encoding="UTF-8"?>
<!-- Generated by org.testng.reporters.JUnitXMLReporter -->
<testsuite ignored="17" hostname="Lubnas-MacBook-Air.local" failures="0" tests="46" name="RegressionTest" time="550.61" errors="0" timestamp="2021-02-05T17:50:57 EST">
  <testcase classname="positiveTests.Signup" name="SignupVerifyCode" time="10.329"/>
  <testcase classname="positiveTests.Signup" name="SignupEnterLoginInfo" time="6.379"/>
  <testcase classname="positiveTests.Signup" name="scrollNow" time="1.187"/>
  <testcase classname="positiveTests.Signup" name="clickInfoCont" time="0.24"/>
  <testcase classname="positiveTests.Signup" name="SignupEnterPersonalInfo" time="6.415"/>
  <testcase classname="positiveTests.Signup" name="SignupEnterMailingAddress" time="15.385"/>
  <testcase classname="positiveTests.Signup" name="SignupEnterPermAddress" time="1.725"/>
  <testcase classname="positiveTests.Signup" name="scrollNow1" time="1.224"/>
  <testcase classname="positiveTests.Signup" name="billingCont" time="1.637"/>
  <testcase classname="positiveTests.Signup" name="EmploymentScreen" time="6.161"/>
  <testcase classname="positiveTests.Signup" name="SsnScreen" time="19.93"/>
  <testcase classname="positiveTests.Signup" name="scrollNow2" time="5.255"/>
  <testcase classname="positiveTests.Signup" name="clickReviewsubmit" time="2.374"/>
  <testcase classname="positiveTests.LogIn" name="Login" time="16.525"/>
  <testcase classname="positiveTests.CardActivation" name="ActivateCardScreen" time="2.186"/>
  <testcase classname="positiveTests.CardActivation" name="ActivationPwEntry" time="6.15"/>
  <testcase classname="positiveTests.CardActivation" name="ActivationPINSetting" time="25.859"/>
  <testcase classname="positiveTests.SavingsScreen" name="MoneyToSavings" time="12.256"/>
  <testcase classname="positiveTests.SavingsScreen" name="SavingsReminder" time="41.804"/>
  <testcase classname="positiveTests.MoveMoneyAddSav" name="AddToSavings" time="5.08"/>
  <testcase classname="positiveTests.MoveMoneyAddSav" name="clickConfirm" time="3.146"/>
  <testcase classname="positiveTests.MoveMoneyAddSpend" name="AddToSpending" time="25.65"/>
  <testcase classname="positiveTests.MoveMoneyAddCash" name="getToAddCash" time="23.634"/>
  <testcase classname="positiveTests.MoveMoneyAddCash" name="clickAddCash" time="0.114"/>
  <testcase classname="positiveTests.MoveMoneyAddCash" name="completeAddCash" time="4.405"/>
  <testcase classname="positiveTests.MoveMoneyBankTransfer" name="BankTransfer" time="18.645"/>
  <testcase classname="positiveTests.MoveMoneyBankTransfer" name="scrollNow4" time="4.79"/>
  <testcase classname="positiveTests.MoveMoneyBankTransfer" name="clickBankTransferPrevRecptPerform" time="5.616"/>
  <testcase classname="positiveTests.MoveMoneyBankTransfer" name="scrollNow5" time="1.182"/>
  <testcase classname="positiveTests.MoveMoneyBankTransfer" name="PerformTransfer" time="0.199"/>
  <testcase classname="positiveTests.MoveMoneyBankTransfer" name="clickYestoPerfBankTrans" time="2.703"/>
  <testcase classname="positiveTests.MoveMoneyDeleteTransfer" name="accessdeleteTrans" time="23.951"/>
  <testcase classname="positiveTests.MoveMoneyDeleteTransfer" name="gonnaDelete" time="9.19"/>
  <testcase classname="positiveTests.MoveMoneyAddTransfer" name="addRecipientBasic1" time="22.994"/>
  <testcase classname="positiveTests.MoveMoneyAddTransfer" name="addRecipientBasic2" time="12.824"/>
  <testcase classname="positiveTests.MoveMoneyDD" name="SetUpDirectDeposit" time="21.037"/>
  <testcase classname="positiveTests.MoveMoneyDD" name="scrollNow3" time="3.714"/>
  <testcase classname="positiveTests.MoveMoneyDD" name="finishSetupDD" time="1.068"/>
  <testcase classname="positiveTests.MoveMoneyBillPay" name="MailCheck" time="23.408"/>
  <testcase classname="positiveTests.MoveMoneyBillPay" name="mailCheck" time="11.521"/>
  <testcase classname="positiveTests.MoveMoneyATM" name="moveMoneyATM" time="31.932"/>
  <testcase classname="positiveTests.SettingsScreen" name="accessSettings" time="44.729"/>
  <testcase classname="positiveTests.CardConfirmation" name="ConfirmCardLogin" time="16.303"/>
  <testcase classname="positiveTests.CardConfirmation" name="ConfirmThatCard" time="4.557"/>
  <testcase classname="positiveTests.ResetPassword" name="resetPassword" time="10.713"/>
  <testcase classname="positiveTests.FreezeCard" name="freezeCard" time="23.043"/>
  <testcase classname="positiveTests.BaseClass" name="@BeforeTest setup" time="0.0">
    <ignored/>
  </testcase> <!-- @BeforeTest setup -->
  <testcase classname="positiveTests.BaseClass" name="@BeforeTest setup" time="0.0">
    <ignored/>
  </testcase> <!-- @BeforeTest setup -->
  <testcase classname="positiveTests.BaseClass" name="@BeforeTest setup" time="0.0">
    <ignored/>
  </testcase> <!-- @BeforeTest setup -->
  <testcase classname="positiveTests.BaseClass" name="@BeforeTest setup" time="0.0">
    <ignored/>
  </testcase> <!-- @BeforeTest setup -->
  <testcase classname="positiveTests.BaseClass" name="@BeforeTest setup" time="0.0">
    <ignored/>
  </testcase> <!-- @BeforeTest setup -->
  <testcase classname="positiveTests.BaseClass" name="@BeforeTest setup" time="0.0">
    <ignored/>
  </testcase> <!-- @BeforeTest setup -->
  <testcase classname="positiveTests.BaseClass" name="@BeforeTest setup" time="0.0">
    <ignored/>
  </testcase> <!-- @BeforeTest setup -->
  <testcase classname="positiveTests.BaseClass" name="@BeforeTest setup" time="0.0">
    <ignored/>
  </testcase> <!-- @BeforeTest setup -->
  <testcase classname="positiveTests.BaseClass" name="@BeforeTest setup" time="0.0">
    <ignored/>
  </testcase> <!-- @BeforeTest setup -->
  <testcase classname="positiveTests.BaseClass" name="@BeforeTest setup" time="0.0">
    <ignored/>
  </testcase> <!-- @BeforeTest setup -->
  <testcase classname="positiveTests.BaseClass" name="@BeforeTest setup" time="0.0">
    <ignored/>
  </testcase> <!-- @BeforeTest setup -->
  <testcase classname="positiveTests.BaseClass" name="@BeforeTest setup" time="0.0">
    <ignored/>
  </testcase> <!-- @BeforeTest setup -->
  <testcase classname="positiveTests.BaseClass" name="@BeforeTest setup" time="0.0">
    <ignored/>
  </testcase> <!-- @BeforeTest setup -->
  <testcase classname="positiveTests.BaseClass" name="@BeforeTest setup" time="0.0">
    <ignored/>
  </testcase> <!-- @BeforeTest setup -->
  <testcase classname="positiveTests.BaseClass" name="@BeforeTest setup" time="0.0">
    <ignored/>
  </testcase> <!-- @BeforeTest setup -->
  <testcase classname="positiveTests.BaseClass" name="@BeforeTest setup" time="0.0">
    <ignored/>
  </testcase> <!-- @BeforeTest setup -->
  <testcase classname="positiveTests.BaseClass" name="@BeforeTest setup" time="0.0">
    <ignored/>
  </testcase> <!-- @BeforeTest setup -->
</testsuite> <!-- RegressionTest -->
