<?xml version="1.0" encoding="UTF-8"?>
<!-- Generated by org.testng.reporters.JUnitXMLReporter -->
<testsuite ignored="3" hostname="Lubnas-MacBook-Air.local" failures="0" tests="8" name="Test" time="114.22" errors="0" timestamp="2021-01-20T11:29:34 EST">
  <testcase classname="tests.LogIn" name="Login" time="15.848"/>
  <testcase classname="tests.SavingsScreen" name="MoneyToSavings" time="11.7"/>
  <testcase classname="tests.SavingsScreen" name="SavingsReminder" time="40.228"/>
  <testcase classname="tests.CardActivation" name="ActivateCardScreen" time="2.117"/>
  <testcase classname="tests.CardActivation" name="ActivationPwEntry" time="5.979"/>
  <testcase classname="tests.CardActivation" name="ActivationPINSetting" time="9.0"/>
  <testcase classname="tests.CardConfirmation" name="ConfirmCardLogin" time="15.143"/>
  <testcase classname="tests.CardConfirmation" name="ConfirmThatCard" time="3.599"/>
  <testcase classname="tests.BaseClass" name="@BeforeTest setup" time="0.0">
    <ignored/>
  </testcase> <!-- @BeforeTest setup -->
  <testcase classname="tests.BaseClass" name="@BeforeTest setup" time="0.0">
    <ignored/>
  </testcase> <!-- @BeforeTest setup -->
  <testcase classname="tests.BaseClass" name="@BeforeTest setup" time="0.0">
    <ignored/>
  </testcase> <!-- @BeforeTest setup -->
</testsuite> <!-- Test -->
